Arguments: 
  C:\Program Files\nodejs\node.exe C:\Users\Wuraola\.node\corepack\yarn\1.22.15\bin\yarn.js init

PATH: 
  C:\Users\Wuraola\bin;C:\Users\Git\mingw64\bin;C:\Users\Git\usr\local\bin;C:\Users\Git\usr\bin;C:\Users\Git\usr\bin;C:\Users\Git\mingw64\bin;C:\Users\Git\usr\bin;C:\Users\Wuraola\bin;C:\WINDOWS\system32;C:\WINDOWS;C:\WINDOWS\System32\Wbem;C:\WINDOWS\System32\WindowsPowerShell\v1.0;C:\WINDOWS\System32\OpenSSH;C:\Users\Git\cmd;C:\Program Files\nodejs;C:\Users\Wuraola\AppData\Local\Microsoft\WindowsApps;C:\Users\Wuraola\AppData\Roaming\Microsoft\Windows\Start Menu\Programs\Anaconda3 (64-bit);C:\Users\Wuraola\AppData\Local\Programs\Microsoft VS Code\bin;C:\Users\Wuraola\AppData\Roaming\npm;C:\Users\Git\usr\bin\vendor_perl;C:\Users\Git\usr\bin\core_perl

Yarn version: 
  1.22.15

Node version: 
  14.18.0

Platform: 
  win32 x64

Trace: 
  Error: canceled
      at Interface.<anonymous> (C:\Users\Wuraola\.node\corepack\yarn\1.22.15\lib\cli.js:137145:13)
      at Interface.emit (events.js:400:28)
      at Interface._ttyWrite (readline.js:1001:16)
      at ReadStream.onkeypress (readline.js:265:10)
      at ReadStream.emit (events.js:400:28)
      at emitKeys (internal/readline/utils.js:358:14)
      at emitKeys.next (<anonymous>)
      at ReadStream.onData (readline.js:1270:36)
      at ReadStream.emit (events.js:400:28)
      at addChunk (internal/streams/readable.js:293:12)

npm manifest: 
  No manifest

yarn manifest: 
  No manifest

Lockfile: 
  No lockfile
